[05-May-2023 14:10:50 UTC] PHP Warning:  Cannot modify header information - headers already sent in /Users/gian/Local Sites/meulocker/app/public/wp-content/plugins/uncode-privacy/includes/class-uncode-toolkit-privacy-public.php on line 355
[05-May-2023 14:13:08 UTC] PHP Warning:  Cannot modify header information - headers already sent in /Users/gian/Local Sites/meulocker/app/public/wp-content/plugins/uncode-privacy/includes/class-uncode-toolkit-privacy-public.php on line 355
[05-May-2023 17:51:31 UTC] PHP Warning:  Cannot modify header information - headers already sent in /Users/gian/Local Sites/meulocker/app/public/wp-content/plugins/uncode-privacy/includes/class-uncode-toolkit-privacy-public.php on line 355
[08-May-2023 10:46:42 UTC] PHP Warning:  Cannot modify header information - headers already sent in /Users/gian/Local Sites/meulocker/app/public/wp-content/plugins/uncode-privacy/includes/class-uncode-toolkit-privacy-public.php on line 355
[08-May-2023 11:12:33 UTC] PHP Warning:  Cannot modify header information - headers already sent in /Users/gian/Local Sites/meulocker/app/public/wp-content/plugins/uncode-privacy/includes/class-uncode-toolkit-privacy-public.php on line 355
[08-May-2023 12:13:03 UTC] PHP Warning:  Cannot modify header information - headers already sent in /Users/gian/Local Sites/meulocker/app/public/wp-content/plugins/uncode-privacy/includes/class-uncode-toolkit-privacy-public.php on line 355
[08-May-2023 13:12:38 UTC] PHP Warning:  Cannot modify header information - headers already sent in /Users/gian/Local Sites/meulocker/app/public/wp-content/plugins/uncode-privacy/includes/class-uncode-toolkit-privacy-public.php on line 355
[08-May-2023 14:01:08 UTC] PHP Warning:  Cannot modify header information - headers already sent in /Users/gian/Local Sites/meulocker/app/public/wp-content/plugins/uncode-privacy/includes/class-uncode-toolkit-privacy-public.php on line 355
[08-May-2023 14:02:44 UTC] PHP Warning:  Cannot modify header information - headers already sent in /Users/gian/Local Sites/meulocker/app/public/wp-content/plugins/uncode-privacy/includes/class-uncode-toolkit-privacy-public.php on line 355
[08-May-2023 14:04:30 UTC] PHP Warning:  Cannot modify header information - headers already sent in /Users/gian/Local Sites/meulocker/app/public/wp-content/plugins/uncode-privacy/includes/class-uncode-toolkit-privacy-public.php on line 355
[08-May-2023 14:07:03 UTC] PHP Warning:  Cannot modify header information - headers already sent in /Users/gian/Local Sites/meulocker/app/public/wp-content/plugins/uncode-privacy/includes/class-uncode-toolkit-privacy-public.php on line 355
[08-May-2023 14:12:26 UTC] PHP Warning:  Cannot modify header information - headers already sent in /Users/gian/Local Sites/meulocker/app/public/wp-content/plugins/uncode-privacy/includes/class-uncode-toolkit-privacy-public.php on line 355
[08-May-2023 14:19:04 UTC] PHP Warning:  Cannot modify header information - headers already sent in /Users/gian/Local Sites/meulocker/app/public/wp-content/plugins/uncode-privacy/includes/class-uncode-toolkit-privacy-public.php on line 355
[08-May-2023 15:49:34 UTC] PHP Warning:  Cannot modify header information - headers already sent in /Users/gian/Local Sites/meulocker/app/public/wp-content/plugins/uncode-privacy/includes/class-uncode-toolkit-privacy-public.php on line 355
[08-May-2023 15:49:34 UTC] PHP Warning:  Cannot modify header information - headers already sent in /Users/gian/Local Sites/meulocker/app/public/wp-content/plugins/uncode-privacy/includes/class-uncode-toolkit-privacy-public.php on line 355
[08-May-2023 15:49:35 UTC] PHP Warning:  Cannot modify header information - headers already sent in /Users/gian/Local Sites/meulocker/app/public/wp-content/plugins/uncode-privacy/includes/class-uncode-toolkit-privacy-public.php on line 355
[09-May-2023 10:55:34 UTC] PHP Warning:  Cannot modify header information - headers already sent in /Users/gian/Local Sites/meulocker/app/public/wp-content/plugins/uncode-privacy/includes/class-uncode-toolkit-privacy-public.php on line 355
[09-May-2023 10:55:34 UTC] PHP Warning:  Cannot modify header information - headers already sent in /Users/gian/Local Sites/meulocker/app/public/wp-content/plugins/uncode-privacy/includes/class-uncode-toolkit-privacy-public.php on line 355
[09-May-2023 10:55:34 UTC] PHP Warning:  Cannot modify header information - headers already sent in /Users/gian/Local Sites/meulocker/app/public/wp-content/plugins/uncode-privacy/includes/class-uncode-toolkit-privacy-public.php on line 355
[09-May-2023 10:55:34 UTC] PHP Warning:  Cannot modify header information - headers already sent in /Users/gian/Local Sites/meulocker/app/public/wp-content/plugins/uncode-privacy/includes/class-uncode-toolkit-privacy-public.php on line 355
[09-May-2023 11:12:35 UTC] PHP Warning:  Cannot modify header information - headers already sent in /Users/gian/Local Sites/meulocker/app/public/wp-content/plugins/uncode-privacy/includes/class-uncode-toolkit-privacy-public.php on line 355
[09-May-2023 12:12:30 UTC] PHP Warning:  Cannot modify header information - headers already sent in /Users/gian/Local Sites/meulocker/app/public/wp-content/plugins/uncode-privacy/includes/class-uncode-toolkit-privacy-public.php on line 355
[09-May-2023 13:13:46 UTC] PHP Warning:  Cannot modify header information - headers already sent in /Users/gian/Local Sites/meulocker/app/public/wp-content/plugins/uncode-privacy/includes/class-uncode-toolkit-privacy-public.php on line 355
[09-May-2023 14:12:37 UTC] PHP Warning:  Cannot modify header information - headers already sent in /Users/gian/Local Sites/meulocker/app/public/wp-content/plugins/uncode-privacy/includes/class-uncode-toolkit-privacy-public.php on line 355
[10-May-2023 10:43:40 UTC] PHP Warning:  Cannot modify header information - headers already sent in /Users/gian/Local Sites/meulocker/app/public/wp-content/plugins/uncode-privacy/includes/class-uncode-toolkit-privacy-public.php on line 355
[10-May-2023 11:12:59 UTC] PHP Warning:  Cannot modify header information - headers already sent in /Users/gian/Local Sites/meulocker/app/public/wp-content/plugins/uncode-privacy/includes/class-uncode-toolkit-privacy-public.php on line 355
[10-May-2023 12:11:22 UTC] PHP Warning:  Undefined array key "color-jevc" in /Users/gian/Local Sites/meulocker/app/public/wp-content/themes/uncode/vc_templates/vc_row.php on line 354
[10-May-2023 12:13:48 UTC] PHP Warning:  Cannot modify header information - headers already sent in /Users/gian/Local Sites/meulocker/app/public/wp-content/plugins/uncode-privacy/includes/class-uncode-toolkit-privacy-public.php on line 355
[10-May-2023 13:12:36 UTC] PHP Warning:  Cannot modify header information - headers already sent in /Users/gian/Local Sites/meulocker/app/public/wp-content/plugins/uncode-privacy/includes/class-uncode-toolkit-privacy-public.php on line 355
[10-May-2023 14:13:11 UTC] PHP Warning:  Cannot modify header information - headers already sent in /Users/gian/Local Sites/meulocker/app/public/wp-content/plugins/uncode-privacy/includes/class-uncode-toolkit-privacy-public.php on line 355
[11-May-2023 10:18:09 UTC] PHP Warning:  Cannot modify header information - headers already sent in /Users/gian/Local Sites/meulocker/app/public/wp-content/plugins/uncode-privacy/includes/class-uncode-toolkit-privacy-public.php on line 355
[11-May-2023 11:12:27 UTC] PHP Warning:  Cannot modify header information - headers already sent in /Users/gian/Local Sites/meulocker/app/public/wp-content/plugins/uncode-privacy/includes/class-uncode-toolkit-privacy-public.php on line 355
[11-May-2023 12:12:28 UTC] PHP Warning:  Cannot modify header information - headers already sent in /Users/gian/Local Sites/meulocker/app/public/wp-content/plugins/uncode-privacy/includes/class-uncode-toolkit-privacy-public.php on line 355
[11-May-2023 13:12:29 UTC] PHP Warning:  Cannot modify header information - headers already sent in /Users/gian/Local Sites/meulocker/app/public/wp-content/plugins/uncode-privacy/includes/class-uncode-toolkit-privacy-public.php on line 355
[11-May-2023 14:13:49 UTC] PHP Warning:  Cannot modify header information - headers already sent in /Users/gian/Local Sites/meulocker/app/public/wp-content/plugins/uncode-privacy/includes/class-uncode-toolkit-privacy-public.php on line 355
[11-May-2023 15:48:06 UTC] PHP Warning:  Cannot modify header information - headers already sent in /Users/gian/Local Sites/meulocker/app/public/wp-content/plugins/uncode-privacy/includes/class-uncode-toolkit-privacy-public.php on line 355
[11-May-2023 15:48:06 UTC] PHP Warning:  Cannot modify header information - headers already sent in /Users/gian/Local Sites/meulocker/app/public/wp-content/plugins/uncode-privacy/includes/class-uncode-toolkit-privacy-public.php on line 355
[11-May-2023 15:48:07 UTC] PHP Warning:  Cannot modify header information - headers already sent in /Users/gian/Local Sites/meulocker/app/public/wp-content/plugins/uncode-privacy/includes/class-uncode-toolkit-privacy-public.php on line 355
[11-May-2023 15:48:07 UTC] PHP Warning:  Cannot modify header information - headers already sent in /Users/gian/Local Sites/meulocker/app/public/wp-content/plugins/uncode-privacy/includes/class-uncode-toolkit-privacy-public.php on line 355
[11-May-2023 16:26:51 UTC] PHP Warning:  Cannot modify header information - headers already sent in /Users/gian/Local Sites/meulocker/app/public/wp-content/plugins/uncode-privacy/includes/class-uncode-toolkit-privacy-public.php on line 355
[15-May-2023 11:08:24 UTC] PHP Warning:  Cannot modify header information - headers already sent in /Users/gian/Local Sites/meulocker/app/public/wp-content/plugins/uncode-privacy/includes/class-uncode-toolkit-privacy-public.php on line 355
[15-May-2023 11:08:24 UTC] PHP Warning:  Cannot modify header information - headers already sent in /Users/gian/Local Sites/meulocker/app/public/wp-content/plugins/uncode-privacy/includes/class-uncode-toolkit-privacy-public.php on line 355
[15-May-2023 11:08:25 UTC] PHP Warning:  Cannot modify header information - headers already sent in /Users/gian/Local Sites/meulocker/app/public/wp-content/plugins/uncode-privacy/includes/class-uncode-toolkit-privacy-public.php on line 355
[15-May-2023 11:08:25 UTC] PHP Warning:  Cannot modify header information - headers already sent in /Users/gian/Local Sites/meulocker/app/public/wp-content/plugins/uncode-privacy/includes/class-uncode-toolkit-privacy-public.php on line 355
[15-May-2023 11:12:31 UTC] PHP Warning:  Cannot modify header information - headers already sent in /Users/gian/Local Sites/meulocker/app/public/wp-content/plugins/uncode-privacy/includes/class-uncode-toolkit-privacy-public.php on line 355
[15-May-2023 12:12:42 UTC] PHP Warning:  Cannot modify header information - headers already sent in /Users/gian/Local Sites/meulocker/app/public/wp-content/plugins/uncode-privacy/includes/class-uncode-toolkit-privacy-public.php on line 355
[15-May-2023 13:15:58 UTC] PHP Warning:  Cannot modify header information - headers already sent in /Users/gian/Local Sites/meulocker/app/public/wp-content/plugins/uncode-privacy/includes/class-uncode-toolkit-privacy-public.php on line 355
[15-May-2023 14:13:39 UTC] PHP Warning:  Cannot modify header information - headers already sent in /Users/gian/Local Sites/meulocker/app/public/wp-content/plugins/uncode-privacy/includes/class-uncode-toolkit-privacy-public.php on line 355
[16-May-2023 10:37:07 UTC] PHP Warning:  Cannot modify header information - headers already sent in /Users/gian/Local Sites/meulocker/app/public/wp-content/plugins/uncode-privacy/includes/class-uncode-toolkit-privacy-public.php on line 355
[16-May-2023 11:12:28 UTC] PHP Warning:  Cannot modify header information - headers already sent in /Users/gian/Local Sites/meulocker/app/public/wp-content/plugins/uncode-privacy/includes/class-uncode-toolkit-privacy-public.php on line 355
[16-May-2023 12:08:19 UTC] PHP Warning:  file_get_contents(/Users/gian/Local Sites/meulocker/app/public/wp-content/plugins/integracao-rd-station//log): Failed to open stream: No such file or directory in /Users/gian/Local Sites/meulocker/app/public/wp-content/plugins/integracao-rd-station/includes/helpers/rdsm_log_file_helper.php on line 22
[16-May-2023 12:09:20 UTC] PHP Warning:  file_get_contents(/Users/gian/Local Sites/meulocker/app/public/wp-content/plugins/integracao-rd-station//log): Failed to open stream: No such file or directory in /Users/gian/Local Sites/meulocker/app/public/wp-content/plugins/integracao-rd-station/includes/helpers/rdsm_log_file_helper.php on line 22
[16-May-2023 12:09:28 UTC] PHP Warning:  file(/Users/gian/Local Sites/meulocker/app/public/wp-content/plugins/integracao-rd-station//log): Failed to open stream: No such file or directory in /Users/gian/Local Sites/meulocker/app/public/wp-content/plugins/integracao-rd-station/includes/helpers/rdsm_log_file_helper.php on line 18
[16-May-2023 12:09:28 UTC] PHP Warning:  Undefined array key "fields" in /Users/gian/Local Sites/meulocker/app/public/wp-content/plugins/integracao-rd-station/includes/events/rdsm_integration_form_woocommerce.php on line 19
[16-May-2023 12:09:28 UTC] PHP Fatal error:  Uncaught TypeError: array_column(): Argument #1 ($array) must be of type array, null given in /Users/gian/Local Sites/meulocker/app/public/wp-content/plugins/integracao-rd-station/includes/events/rdsm_integration_form_woocommerce.php:20
Stack trace:
#0 /Users/gian/Local Sites/meulocker/app/public/wp-content/plugins/integracao-rd-station/includes/events/rdsm_integration_form_woocommerce.php(20): array_column(NULL, 'name')
#1 /Users/gian/Local Sites/meulocker/app/public/wp-includes/class-wp-hook.php(308): RDSMIntegrationFormWooCommerce->get_fields('')
#2 /Users/gian/Local Sites/meulocker/app/public/wp-includes/class-wp-hook.php(332): WP_Hook->apply_filters('', Array)
#3 /Users/gian/Local Sites/meulocker/app/public/wp-includes/plugin.php(517): WP_Hook->do_action(Array)
#4 /Users/gian/Local Sites/meulocker/app/public/wp-admin/admin-ajax.php(188): do_action('wp_ajax_rdsm-wo...')
#5 {main}
  thrown in /Users/gian/Local Sites/meulocker/app/public/wp-content/plugins/integracao-rd-station/includes/events/rdsm_integration_form_woocommerce.php on line 20
[16-May-2023 12:10:27 UTC] PHP Warning:  Undefined array key "headers" in /Users/gian/Local Sites/meulocker/app/public/wp-content/plugins/integracao-rd-station/includes/client/rdsm_api.php on line 57
[16-May-2023 12:10:27 UTC] PHP Warning:  file(/Users/gian/Local Sites/meulocker/app/public/wp-content/plugins/integracao-rd-station//logUvrx9dtqAKfm07XZXd7C_0GnqGgwPwLhOTP-KO9lj3M): Failed to open stream: No such file or directory in /Users/gian/Local Sites/meulocker/app/public/wp-content/plugins/integracao-rd-station/includes/helpers/rdsm_log_file_helper.php on line 18
[16-May-2023 12:10:34 UTC] PHP Warning:  Trying to access array offset on value of type bool in /Users/gian/Local Sites/meulocker/app/public/wp-content/plugins/integracao-rd-station/settings/settings_page.php on line 103
[16-May-2023 12:10:34 UTC] PHP Warning:  Trying to access array offset on value of type bool in /Users/gian/Local Sites/meulocker/app/public/wp-content/plugins/integracao-rd-station/settings/settings_page.php on line 109
[16-May-2023 12:10:34 UTC] PHP Warning:  file_get_contents(/Users/gian/Local Sites/meulocker/app/public/wp-content/plugins/integracao-rd-station//logUvrx9dtqAKfm07XZXd7C_0GnqGgwPwLhOTP-KO9lj3M): Failed to open stream: No such file or directory in /Users/gian/Local Sites/meulocker/app/public/wp-content/plugins/integracao-rd-station/includes/helpers/rdsm_log_file_helper.php on line 22
[16-May-2023 12:10:34 UTC] PHP Warning:  Trying to access array offset on value of type null in /Users/gian/Local Sites/meulocker/app/public/wp-content/plugins/integracao-rd-station/settings/settings_page.php on line 135
[16-May-2023 12:10:34 UTC] PHP Warning:  Trying to access array offset on value of type null in /Users/gian/Local Sites/meulocker/app/public/wp-content/plugins/integracao-rd-station/settings/settings_page.php on line 136
[16-May-2023 12:10:34 UTC] PHP Warning:  Trying to access array offset on value of type null in /Users/gian/Local Sites/meulocker/app/public/wp-content/plugins/integracao-rd-station/settings/settings_page.php on line 137
[16-May-2023 12:10:34 UTC] PHP Warning:  Trying to access array offset on value of type null in /Users/gian/Local Sites/meulocker/app/public/wp-content/plugins/integracao-rd-station/settings/settings_page.php on line 138
[16-May-2023 12:10:34 UTC] PHP Warning:  Trying to access array offset on value of type null in /Users/gian/Local Sites/meulocker/app/public/wp-content/plugins/integracao-rd-station/settings/settings_page.php on line 139
[16-May-2023 12:10:34 UTC] PHP Warning:  Trying to access array offset on value of type null in /Users/gian/Local Sites/meulocker/app/public/wp-content/plugins/integracao-rd-station/settings/settings_page.php on line 140
[16-May-2023 12:10:34 UTC] PHP Warning:  Trying to access array offset on value of type null in /Users/gian/Local Sites/meulocker/app/public/wp-content/plugins/integracao-rd-station/settings/settings_page.php on line 141
[16-May-2023 12:10:34 UTC] PHP Warning:  Trying to access array offset on value of type null in /Users/gian/Local Sites/meulocker/app/public/wp-content/plugins/integracao-rd-station/settings/settings_page.php on line 142
[16-May-2023 12:10:34 UTC] PHP Warning:  Trying to access array offset on value of type null in /Users/gian/Local Sites/meulocker/app/public/wp-content/plugins/integracao-rd-station/settings/settings_page.php on line 143
[16-May-2023 12:10:34 UTC] PHP Warning:  Trying to access array offset on value of type null in /Users/gian/Local Sites/meulocker/app/public/wp-content/plugins/integracao-rd-station/settings/settings_page.php on line 144
[16-May-2023 12:10:34 UTC] PHP Warning:  Trying to access array offset on value of type null in /Users/gian/Local Sites/meulocker/app/public/wp-content/plugins/integracao-rd-station/settings/settings_page.php on line 145
[16-May-2023 12:10:34 UTC] PHP Warning:  Trying to access array offset on value of type null in /Users/gian/Local Sites/meulocker/app/public/wp-content/plugins/integracao-rd-station/settings/settings_page.php on line 146
[16-May-2023 12:10:35 UTC] PHP Warning:  Undefined array key "headers" in /Users/gian/Local Sites/meulocker/app/public/wp-content/plugins/integracao-rd-station/includes/client/rdsm_api.php on line 57
[16-May-2023 12:10:35 UTC] PHP Warning:  file(/Users/gian/Local Sites/meulocker/app/public/wp-content/plugins/integracao-rd-station//logUvrx9dtqAKfm07XZXd7C_0GnqGgwPwLhOTP-KO9lj3M): Failed to open stream: No such file or directory in /Users/gian/Local Sites/meulocker/app/public/wp-content/plugins/integracao-rd-station/includes/helpers/rdsm_log_file_helper.php on line 18
[16-May-2023 12:10:37 UTC] PHP Warning:  Undefined array key "headers" in /Users/gian/Local Sites/meulocker/app/public/wp-content/plugins/integracao-rd-station/includes/client/rdsm_api.php on line 57
[16-May-2023 12:10:37 UTC] PHP Warning:  file(/Users/gian/Local Sites/meulocker/app/public/wp-content/plugins/integracao-rd-station//logUvrx9dtqAKfm07XZXd7C_0GnqGgwPwLhOTP-KO9lj3M): Failed to open stream: No such file or directory in /Users/gian/Local Sites/meulocker/app/public/wp-content/plugins/integracao-rd-station/includes/helpers/rdsm_log_file_helper.php on line 18
[16-May-2023 12:12:33 UTC] PHP Warning:  Cannot modify header information - headers already sent in /Users/gian/Local Sites/meulocker/app/public/wp-content/plugins/uncode-privacy/includes/class-uncode-toolkit-privacy-public.php on line 355
[16-May-2023 12:12:37 UTC] PHP Warning:  file_get_contents(/Users/gian/Local Sites/meulocker/app/public/wp-content/plugins/integracao-rd-station//logUvrx9dtqAKfm07XZXd7C_0GnqGgwPwLhOTP-KO9lj3M): Failed to open stream: No such file or directory in /Users/gian/Local Sites/meulocker/app/public/wp-content/plugins/integracao-rd-station/includes/helpers/rdsm_log_file_helper.php on line 22
[16-May-2023 12:12:39 UTC] PHP Warning:  Undefined array key "headers" in /Users/gian/Local Sites/meulocker/app/public/wp-content/plugins/integracao-rd-station/includes/client/rdsm_api.php on line 57
[16-May-2023 12:15:39 UTC] PHP Warning:  file_get_contents(/Users/gian/Local Sites/meulocker/app/public/wp-content/plugins/integracao-rd-station//logUvrx9dtqAKfm07XZXd7C_0GnqGgwPwLhOTP-KO9lj3M): Failed to open stream: No such file or directory in /Users/gian/Local Sites/meulocker/app/public/wp-content/plugins/integracao-rd-station/includes/helpers/rdsm_log_file_helper.php on line 22
[16-May-2023 12:15:42 UTC] PHP Warning:  Undefined array key "headers" in /Users/gian/Local Sites/meulocker/app/public/wp-content/plugins/integracao-rd-station/includes/client/rdsm_api.php on line 57
[16-May-2023 12:16:27 UTC] PHP Warning:  file_get_contents(/Users/gian/Local Sites/meulocker/app/public/wp-content/plugins/integracao-rd-station//logUvrx9dtqAKfm07XZXd7C_0GnqGgwPwLhOTP-KO9lj3M): Failed to open stream: No such file or directory in /Users/gian/Local Sites/meulocker/app/public/wp-content/plugins/integracao-rd-station/includes/helpers/rdsm_log_file_helper.php on line 22
[16-May-2023 12:16:29 UTC] PHP Warning:  Undefined array key "headers" in /Users/gian/Local Sites/meulocker/app/public/wp-content/plugins/integracao-rd-station/includes/client/rdsm_api.php on line 57
[16-May-2023 12:16:55 UTC] PHP Warning:  file_get_contents(/Users/gian/Local Sites/meulocker/app/public/wp-content/plugins/integracao-rd-station//logUvrx9dtqAKfm07XZXd7C_0GnqGgwPwLhOTP-KO9lj3M): Failed to open stream: No such file or directory in /Users/gian/Local Sites/meulocker/app/public/wp-content/plugins/integracao-rd-station/includes/helpers/rdsm_log_file_helper.php on line 22
[16-May-2023 12:16:57 UTC] PHP Warning:  Undefined array key "headers" in /Users/gian/Local Sites/meulocker/app/public/wp-content/plugins/integracao-rd-station/includes/client/rdsm_api.php on line 57
[16-May-2023 12:17:10 UTC] PHP Warning:  file_get_contents(/Users/gian/Local Sites/meulocker/app/public/wp-content/plugins/integracao-rd-station//logUvrx9dtqAKfm07XZXd7C_0GnqGgwPwLhOTP-KO9lj3M): Failed to open stream: No such file or directory in /Users/gian/Local Sites/meulocker/app/public/wp-content/plugins/integracao-rd-station/includes/helpers/rdsm_log_file_helper.php on line 22
[16-May-2023 12:17:12 UTC] PHP Warning:  Undefined array key "headers" in /Users/gian/Local Sites/meulocker/app/public/wp-content/plugins/integracao-rd-station/includes/client/rdsm_api.php on line 57
[16-May-2023 12:17:46 UTC] PHP Warning:  file_get_contents(/Users/gian/Local Sites/meulocker/app/public/wp-content/plugins/integracao-rd-station//logUvrx9dtqAKfm07XZXd7C_0GnqGgwPwLhOTP-KO9lj3M): Failed to open stream: No such file or directory in /Users/gian/Local Sites/meulocker/app/public/wp-content/plugins/integracao-rd-station/includes/helpers/rdsm_log_file_helper.php on line 22
[16-May-2023 12:17:50 UTC] PHP Warning:  Undefined array key "headers" in /Users/gian/Local Sites/meulocker/app/public/wp-content/plugins/integracao-rd-station/includes/client/rdsm_api.php on line 57
[16-May-2023 12:17:58 UTC] PHP Warning:  file_get_contents(/Users/gian/Local Sites/meulocker/app/public/wp-content/plugins/integracao-rd-station//logUvrx9dtqAKfm07XZXd7C_0GnqGgwPwLhOTP-KO9lj3M): Failed to open stream: No such file or directory in /Users/gian/Local Sites/meulocker/app/public/wp-content/plugins/integracao-rd-station/includes/helpers/rdsm_log_file_helper.php on line 22
[16-May-2023 12:18:02 UTC] PHP Warning:  Undefined array key "headers" in /Users/gian/Local Sites/meulocker/app/public/wp-content/plugins/integracao-rd-station/includes/client/rdsm_api.php on line 57
[16-May-2023 12:20:09 UTC] PHP Warning:  file_get_contents(/Users/gian/Local Sites/meulocker/app/public/wp-content/plugins/integracao-rd-station//logUvrx9dtqAKfm07XZXd7C_0GnqGgwPwLhOTP-KO9lj3M): Failed to open stream: No such file or directory in /Users/gian/Local Sites/meulocker/app/public/wp-content/plugins/integracao-rd-station/includes/helpers/rdsm_log_file_helper.php on line 22
[16-May-2023 12:20:12 UTC] PHP Warning:  Undefined array key "headers" in /Users/gian/Local Sites/meulocker/app/public/wp-content/plugins/integracao-rd-station/includes/client/rdsm_api.php on line 57
[16-May-2023 12:23:47 UTC] PHP Warning:  Undefined array key "headers" in /Users/gian/Local Sites/meulocker/app/public/wp-content/plugins/integracao-rd-station/includes/client/rdsm_api.php on line 57
[16-May-2023 12:24:11 UTC] PHP Warning:  Undefined array key "headers" in /Users/gian/Local Sites/meulocker/app/public/wp-content/plugins/integracao-rd-station/includes/client/rdsm_api.php on line 57
[16-May-2023 12:24:50 UTC] PHP Warning:  Undefined array key "headers" in /Users/gian/Local Sites/meulocker/app/public/wp-content/plugins/integracao-rd-station/includes/client/rdsm_api.php on line 57
[16-May-2023 12:29:11 UTC] PHP Warning:  Undefined array key "your-email" in /Users/gian/Local Sites/meulocker/app/public/wp-content/plugins/integracao-rd-station/includes/resources/rdsm_event.php on line 140
[16-May-2023 12:34:31 UTC] PHP Warning:  Undefined array key "your-email" in /Users/gian/Local Sites/meulocker/app/public/wp-content/plugins/integracao-rd-station/includes/resources/rdsm_event.php on line 140
[16-May-2023 12:35:47 UTC] PHP Warning:  Undefined array key "headers" in /Users/gian/Local Sites/meulocker/app/public/wp-content/plugins/integracao-rd-station/includes/client/rdsm_api.php on line 57
[16-May-2023 12:37:22 UTC] PHP Warning:  Undefined array key "headers" in /Users/gian/Local Sites/meulocker/app/public/wp-content/plugins/integracao-rd-station/includes/client/rdsm_api.php on line 57
[16-May-2023 13:12:33 UTC] PHP Warning:  Cannot modify header information - headers already sent in /Users/gian/Local Sites/meulocker/app/public/wp-content/plugins/uncode-privacy/includes/class-uncode-toolkit-privacy-public.php on line 355
[16-May-2023 13:12:33 UTC] PHP Warning:  Cannot modify header information - headers already sent in /Users/gian/Local Sites/meulocker/app/public/wp-content/plugins/uncode-privacy/includes/class-uncode-toolkit-privacy-public.php on line 355
[16-May-2023 14:14:12 UTC] PHP Warning:  Cannot modify header information - headers already sent in /Users/gian/Local Sites/meulocker/app/public/wp-content/plugins/uncode-privacy/includes/class-uncode-toolkit-privacy-public.php on line 355
[17-May-2023 11:07:22 UTC] PHP Warning:  Cannot modify header information - headers already sent in /Users/gian/Local Sites/meulocker/app/public/wp-content/plugins/uncode-privacy/includes/class-uncode-toolkit-privacy-public.php on line 355
[17-May-2023 11:12:39 UTC] PHP Warning:  Cannot modify header information - headers already sent in /Users/gian/Local Sites/meulocker/app/public/wp-content/plugins/uncode-privacy/includes/class-uncode-toolkit-privacy-public.php on line 355
[17-May-2023 12:12:30 UTC] PHP Warning:  Cannot modify header information - headers already sent in /Users/gian/Local Sites/meulocker/app/public/wp-content/plugins/uncode-privacy/includes/class-uncode-toolkit-privacy-public.php on line 355
[17-May-2023 13:12:46 UTC] PHP Warning:  Cannot modify header information - headers already sent in /Users/gian/Local Sites/meulocker/app/public/wp-content/plugins/uncode-privacy/includes/class-uncode-toolkit-privacy-public.php on line 355
[17-May-2023 14:12:36 UTC] PHP Warning:  Cannot modify header information - headers already sent in /Users/gian/Local Sites/meulocker/app/public/wp-content/plugins/uncode-privacy/includes/class-uncode-toolkit-privacy-public.php on line 355
[18-May-2023 10:41:27 UTC] PHP Warning:  Cannot modify header information - headers already sent in /Users/gian/Local Sites/meulocker/app/public/wp-content/plugins/uncode-privacy/includes/class-uncode-toolkit-privacy-public.php on line 355
[18-May-2023 10:41:27 UTC] PHP Warning:  Cannot modify header information - headers already sent in /Users/gian/Local Sites/meulocker/app/public/wp-content/plugins/uncode-privacy/includes/class-uncode-toolkit-privacy-public.php on line 355
[18-May-2023 11:19:57 UTC] PHP Warning:  Cannot modify header information - headers already sent in /Users/gian/Local Sites/meulocker/app/public/wp-content/plugins/uncode-privacy/includes/class-uncode-toolkit-privacy-public.php on line 355
[18-May-2023 12:13:55 UTC] PHP Warning:  Cannot modify header information - headers already sent in /Users/gian/Local Sites/meulocker/app/public/wp-content/plugins/uncode-privacy/includes/class-uncode-toolkit-privacy-public.php on line 355
[18-May-2023 13:13:07 UTC] PHP Warning:  Cannot modify header information - headers already sent in /Users/gian/Local Sites/meulocker/app/public/wp-content/plugins/uncode-privacy/includes/class-uncode-toolkit-privacy-public.php on line 355
[18-May-2023 13:54:47 UTC] PHP Warning:  Undefined array key "headers" in /Users/gian/Local Sites/meulocker/app/public/wp-content/plugins/integracao-rd-station/includes/client/rdsm_api.php on line 57
[18-May-2023 13:54:49 UTC] PHP Warning:  Undefined variable $json_result in /Users/gian/Local Sites/meulocker/app/public/wp-content/plugins/integracao-rd-station/includes/events/rdsm_integration_form_changed.php on line 41
[18-May-2023 13:54:54 UTC] PHP Warning:  Undefined array key "headers" in /Users/gian/Local Sites/meulocker/app/public/wp-content/plugins/integracao-rd-station/includes/client/rdsm_api.php on line 57
[18-May-2023 13:55:22 UTC] PHP Warning:  Undefined array key "headers" in /Users/gian/Local Sites/meulocker/app/public/wp-content/plugins/integracao-rd-station/includes/client/rdsm_api.php on line 57
[18-May-2023 13:55:33 UTC] PHP Warning:  Undefined array key "headers" in /Users/gian/Local Sites/meulocker/app/public/wp-content/plugins/integracao-rd-station/includes/client/rdsm_api.php on line 57
[18-May-2023 14:14:18 UTC] PHP Warning:  Cannot modify header information - headers already sent in /Users/gian/Local Sites/meulocker/app/public/wp-content/plugins/uncode-privacy/includes/class-uncode-toolkit-privacy-public.php on line 355
[22-May-2023 11:11:50 UTC] PHP Warning:  Cannot modify header information - headers already sent in /Users/gian/Local Sites/meulocker/app/public/wp-content/plugins/uncode-privacy/includes/class-uncode-toolkit-privacy-public.php on line 355
[22-May-2023 11:11:51 UTC] PHP Warning:  Cannot modify header information - headers already sent in /Users/gian/Local Sites/meulocker/app/public/wp-content/plugins/uncode-privacy/includes/class-uncode-toolkit-privacy-public.php on line 355
[22-May-2023 11:14:46 UTC] PHP Warning:  Cannot modify header information - headers already sent in /Users/gian/Local Sites/meulocker/app/public/wp-content/plugins/uncode-privacy/includes/class-uncode-toolkit-privacy-public.php on line 355
[22-May-2023 12:48:19 UTC] PHP Warning:  Cannot modify header information - headers already sent in /Users/gian/Local Sites/meulocker/app/public/wp-content/plugins/uncode-privacy/includes/class-uncode-toolkit-privacy-public.php on line 355
[22-May-2023 13:34:46 UTC] PHP Warning:  Cannot modify header information - headers already sent in /Users/gian/Local Sites/meulocker/app/public/wp-content/plugins/uncode-privacy/includes/class-uncode-toolkit-privacy-public.php on line 355
[22-May-2023 14:30:00 UTC] PHP Warning:  Cannot modify header information - headers already sent in /Users/gian/Local Sites/meulocker/app/public/wp-content/plugins/uncode-privacy/includes/class-uncode-toolkit-privacy-public.php on line 355
[23-May-2023 11:01:30 UTC] PHP Warning:  Cannot modify header information - headers already sent in /Users/gian/Local Sites/meulocker/app/public/wp-content/plugins/uncode-privacy/includes/class-uncode-toolkit-privacy-public.php on line 355
[23-May-2023 11:01:31 UTC] PHP Warning:  Cannot modify header information - headers already sent in /Users/gian/Local Sites/meulocker/app/public/wp-content/plugins/uncode-privacy/includes/class-uncode-toolkit-privacy-public.php on line 355
[23-May-2023 11:01:31 UTC] PHP Warning:  Cannot modify header information - headers already sent in /Users/gian/Local Sites/meulocker/app/public/wp-content/plugins/uncode-privacy/includes/class-uncode-toolkit-privacy-public.php on line 355
[23-May-2023 11:01:31 UTC] PHP Warning:  Cannot modify header information - headers already sent in /Users/gian/Local Sites/meulocker/app/public/wp-content/plugins/uncode-privacy/includes/class-uncode-toolkit-privacy-public.php on line 355
[23-May-2023 11:01:31 UTC] PHP Warning:  Cannot modify header information - headers already sent in /Users/gian/Local Sites/meulocker/app/public/wp-content/plugins/uncode-privacy/includes/class-uncode-toolkit-privacy-public.php on line 355
[23-May-2023 11:12:49 UTC] PHP Warning:  Cannot modify header information - headers already sent in /Users/gian/Local Sites/meulocker/app/public/wp-content/plugins/uncode-privacy/includes/class-uncode-toolkit-privacy-public.php on line 355
[23-May-2023 12:14:10 UTC] PHP Warning:  Cannot modify header information - headers already sent in /Users/gian/Local Sites/meulocker/app/public/wp-content/plugins/uncode-privacy/includes/class-uncode-toolkit-privacy-public.php on line 355
[23-May-2023 13:16:19 UTC] PHP Warning:  Cannot modify header information - headers already sent in /Users/gian/Local Sites/meulocker/app/public/wp-content/plugins/uncode-privacy/includes/class-uncode-toolkit-privacy-public.php on line 355
[23-May-2023 14:14:16 UTC] PHP Warning:  Cannot modify header information - headers already sent in /Users/gian/Local Sites/meulocker/app/public/wp-content/plugins/uncode-privacy/includes/class-uncode-toolkit-privacy-public.php on line 355
[24-May-2023 10:55:57 UTC] PHP Warning:  Cannot modify header information - headers already sent in /Users/gian/Local Sites/meulocker/app/public/wp-content/plugins/uncode-privacy/includes/class-uncode-toolkit-privacy-public.php on line 355
[24-May-2023 11:12:36 UTC] PHP Warning:  Cannot modify header information - headers already sent in /Users/gian/Local Sites/meulocker/app/public/wp-content/plugins/uncode-privacy/includes/class-uncode-toolkit-privacy-public.php on line 355
[24-May-2023 12:13:40 UTC] PHP Warning:  Cannot modify header information - headers already sent in /Users/gian/Local Sites/meulocker/app/public/wp-content/plugins/uncode-privacy/includes/class-uncode-toolkit-privacy-public.php on line 355
[24-May-2023 13:14:26 UTC] PHP Warning:  Cannot modify header information - headers already sent in /Users/gian/Local Sites/meulocker/app/public/wp-content/plugins/uncode-privacy/includes/class-uncode-toolkit-privacy-public.php on line 355
[24-May-2023 14:20:16 UTC] PHP Warning:  Cannot modify header information - headers already sent in /Users/gian/Local Sites/meulocker/app/public/wp-content/plugins/uncode-privacy/includes/class-uncode-toolkit-privacy-public.php on line 355
[25-May-2023 10:20:46 UTC] PHP Warning:  Cannot modify header information - headers already sent in /Users/gian/Local Sites/meulocker/app/public/wp-content/plugins/uncode-privacy/includes/class-uncode-toolkit-privacy-public.php on line 355
[25-May-2023 10:34:54 UTC] PHP Warning:  Undefined array key "headers" in /Users/gian/Local Sites/meulocker/app/public/wp-content/plugins/integracao-rd-station/includes/client/rdsm_api.php on line 57
[25-May-2023 10:35:35 UTC] PHP Warning:  Undefined array key "headers" in /Users/gian/Local Sites/meulocker/app/public/wp-content/plugins/integracao-rd-station/includes/client/rdsm_api.php on line 57
[25-May-2023 10:36:35 UTC] PHP Warning:  Undefined array key "headers" in /Users/gian/Local Sites/meulocker/app/public/wp-content/plugins/integracao-rd-station/includes/client/rdsm_api.php on line 57
[25-May-2023 10:37:10 UTC] PHP Warning:  Undefined array key "headers" in /Users/gian/Local Sites/meulocker/app/public/wp-content/plugins/integracao-rd-station/includes/client/rdsm_api.php on line 57
[25-May-2023 10:37:24 UTC] PHP Warning:  Undefined array key "headers" in /Users/gian/Local Sites/meulocker/app/public/wp-content/plugins/integracao-rd-station/includes/client/rdsm_api.php on line 57
[25-May-2023 10:37:24 UTC] PHP Warning:  Undefined variable $json_result in /Users/gian/Local Sites/meulocker/app/public/wp-content/plugins/integracao-rd-station/includes/events/rdsm_integration_form_changed.php on line 41
[25-May-2023 10:47:01 UTC] PHP Warning:  Undefined array key "headers" in /Users/gian/Local Sites/meulocker/app/public/wp-content/plugins/integracao-rd-station/includes/client/rdsm_api.php on line 57
[25-May-2023 10:47:33 UTC] PHP Warning:  Undefined array key "headers" in /Users/gian/Local Sites/meulocker/app/public/wp-content/plugins/integracao-rd-station/includes/client/rdsm_api.php on line 57
[25-May-2023 10:47:56 UTC] PHP Warning:  Undefined array key "headers" in /Users/gian/Local Sites/meulocker/app/public/wp-content/plugins/integracao-rd-station/includes/client/rdsm_api.php on line 57
[25-May-2023 11:13:47 UTC] PHP Warning:  Cannot modify header information - headers already sent in /Users/gian/Local Sites/meulocker/app/public/wp-content/plugins/uncode-privacy/includes/class-uncode-toolkit-privacy-public.php on line 355
[25-May-2023 12:13:39 UTC] PHP Warning:  Cannot modify header information - headers already sent in /Users/gian/Local Sites/meulocker/app/public/wp-content/plugins/uncode-privacy/includes/class-uncode-toolkit-privacy-public.php on line 355
[25-May-2023 13:20:09 UTC] PHP Warning:  Cannot modify header information - headers already sent in /Users/gian/Local Sites/meulocker/app/public/wp-content/plugins/uncode-privacy/includes/class-uncode-toolkit-privacy-public.php on line 355
[25-May-2023 14:12:45 UTC] PHP Warning:  Cannot modify header information - headers already sent in /Users/gian/Local Sites/meulocker/app/public/wp-content/plugins/uncode-privacy/includes/class-uncode-toolkit-privacy-public.php on line 355
[27-May-2023 15:47:25 UTC] PHP Warning:  Cannot modify header information - headers already sent in /Users/gian/Local Sites/meulocker/app/public/wp-content/plugins/uncode-privacy/includes/class-uncode-toolkit-privacy-public.php on line 355
[29-May-2023 12:05:45 UTC] PHP Warning:  Cannot modify header information - headers already sent in /Users/gian/Local Sites/meulocker/app/public/wp-content/plugins/uncode-privacy/includes/class-uncode-toolkit-privacy-public.php on line 355
[29-May-2023 12:06:46 UTC] PHP Warning:  Cannot modify header information - headers already sent in /Users/gian/Local Sites/meulocker/app/public/wp-content/plugins/uncode-privacy/includes/class-uncode-toolkit-privacy-public.php on line 355
[29-May-2023 12:06:46 UTC] PHP Warning:  Cannot modify header information - headers already sent in /Users/gian/Local Sites/meulocker/app/public/wp-content/plugins/uncode-privacy/includes/class-uncode-toolkit-privacy-public.php on line 355
[29-May-2023 12:12:48 UTC] PHP Warning:  Cannot modify header information - headers already sent in /Users/gian/Local Sites/meulocker/app/public/wp-content/plugins/uncode-privacy/includes/class-uncode-toolkit-privacy-public.php on line 355
[29-May-2023 13:13:26 UTC] PHP Warning:  Cannot modify header information - headers already sent in /Users/gian/Local Sites/meulocker/app/public/wp-content/plugins/uncode-privacy/includes/class-uncode-toolkit-privacy-public.php on line 355
[29-May-2023 14:43:27 UTC] PHP Warning:  Cannot modify header information - headers already sent in /Users/gian/Local Sites/meulocker/app/public/wp-content/plugins/uncode-privacy/includes/class-uncode-toolkit-privacy-public.php on line 355
[30-May-2023 12:47:29 UTC] PHP Warning:  Cannot modify header information - headers already sent in /Users/gian/Local Sites/meulocker/app/public/wp-content/plugins/uncode-privacy/includes/class-uncode-toolkit-privacy-public.php on line 355
[30-May-2023 12:47:29 UTC] PHP Warning:  Cannot modify header information - headers already sent in /Users/gian/Local Sites/meulocker/app/public/wp-content/plugins/uncode-privacy/includes/class-uncode-toolkit-privacy-public.php on line 355
[30-May-2023 13:14:11 UTC] PHP Warning:  Cannot modify header information - headers already sent in /Users/gian/Local Sites/meulocker/app/public/wp-content/plugins/uncode-privacy/includes/class-uncode-toolkit-privacy-public.php on line 355
[30-May-2023 14:14:09 UTC] PHP Warning:  Cannot modify header information - headers already sent in /Users/gian/Local Sites/meulocker/app/public/wp-content/plugins/uncode-privacy/includes/class-uncode-toolkit-privacy-public.php on line 355
[31-May-2023 12:06:45 UTC] PHP Warning:  Cannot modify header information - headers already sent in /Users/gian/Local Sites/meulocker/app/public/wp-content/plugins/uncode-privacy/includes/class-uncode-toolkit-privacy-public.php on line 355
[31-May-2023 12:31:46 UTC] PHP Warning:  Cannot modify header information - headers already sent in /Users/gian/Local Sites/meulocker/app/public/wp-content/plugins/uncode-privacy/includes/class-uncode-toolkit-privacy-public.php on line 355
[31-May-2023 13:12:53 UTC] PHP Warning:  Cannot modify header information - headers already sent in /Users/gian/Local Sites/meulocker/app/public/wp-content/plugins/uncode-privacy/includes/class-uncode-toolkit-privacy-public.php on line 355
[31-May-2023 14:12:58 UTC] PHP Warning:  Cannot modify header information - headers already sent in /Users/gian/Local Sites/meulocker/app/public/wp-content/plugins/uncode-privacy/includes/class-uncode-toolkit-privacy-public.php on line 355
[01-Jun-2023 12:47:45 UTC] PHP Warning:  Cannot modify header information - headers already sent in /Users/gian/Local Sites/meulocker/app/public/wp-content/plugins/uncode-privacy/includes/class-uncode-toolkit-privacy-public.php on line 355
[01-Jun-2023 13:12:38 UTC] PHP Warning:  Cannot modify header information - headers already sent in /Users/gian/Local Sites/meulocker/app/public/wp-content/plugins/uncode-privacy/includes/class-uncode-toolkit-privacy-public.php on line 355
[01-Jun-2023 14:46:31 UTC] PHP Warning:  Cannot modify header information - headers already sent in /Users/gian/Local Sites/meulocker/app/public/wp-content/plugins/uncode-privacy/includes/class-uncode-toolkit-privacy-public.php on line 355
[05-Jun-2023 13:56:46 UTC] PHP Warning:  Cannot modify header information - headers already sent in /Users/gian/Local Sites/meulocker/app/public/wp-content/plugins/uncode-privacy/includes/class-uncode-toolkit-privacy-public.php on line 355
[05-Jun-2023 13:56:47 UTC] PHP Warning:  Cannot modify header information - headers already sent in /Users/gian/Local Sites/meulocker/app/public/wp-content/plugins/uncode-privacy/includes/class-uncode-toolkit-privacy-public.php on line 355
[05-Jun-2023 13:56:57 UTC] PHP Warning:  Cannot modify header information - headers already sent in /Users/gian/Local Sites/meulocker/app/public/wp-content/plugins/uncode-privacy/includes/class-uncode-toolkit-privacy-public.php on line 355
[05-Jun-2023 14:13:24 UTC] PHP Warning:  Cannot modify header information - headers already sent in /Users/gian/Local Sites/meulocker/app/public/wp-content/plugins/uncode-privacy/includes/class-uncode-toolkit-privacy-public.php on line 355
