[05-May-2023 11:10:12] NOTICE: fpm is running, pid 59848
[05-May-2023 11:10:12] NOTICE: ready to handle connections
[05-May-2023 11:14:00] NOTICE: Terminating ...
[05-May-2023 11:14:00] NOTICE: Terminating ...
[05-May-2023 11:14:00] NOTICE: exiting, bye-bye!
[05-May-2023 14:51:21] NOTICE: fpm is running, pid 60109
[05-May-2023 14:51:21] NOTICE: ready to handle connections
[05-May-2023 15:01:31] NOTICE: Terminating ...
[05-May-2023 15:01:31] NOTICE: Terminating ...
[05-May-2023 15:01:32] NOTICE: exiting, bye-bye!
[08-May-2023 07:46:27] NOTICE: fpm is running, pid 60817
[08-May-2023 07:46:27] NOTICE: ready to handle connections
[08-May-2023 11:49:36] NOTICE: Terminating ...
[08-May-2023 11:49:36] NOTICE: Terminating ...
[08-May-2023 11:49:36] NOTICE: exiting, bye-bye!
[08-May-2023 12:49:27] NOTICE: fpm is running, pid 63591
[08-May-2023 12:49:27] NOTICE: ready to handle connections
[08-May-2023 12:55:37] NOTICE: Terminating ...
[08-May-2023 12:55:37] NOTICE: Terminating ...
[08-May-2023 12:55:37] NOTICE: exiting, bye-bye!
[09-May-2023 07:55:16] NOTICE: fpm is running, pid 63838
[09-May-2023 07:55:16] NOTICE: ready to handle connections
[09-May-2023 11:41:07] NOTICE: Terminating ...
[09-May-2023 11:41:07] NOTICE: Terminating ...
[09-May-2023 11:41:07] NOTICE: exiting, bye-bye!
[10-May-2023 07:43:32] NOTICE: fpm is running, pid 65618
[10-May-2023 07:43:32] NOTICE: ready to handle connections
[10-May-2023 11:27:37] NOTICE: Terminating ...
[10-May-2023 11:27:37] NOTICE: Terminating ...
[10-May-2023 11:27:37] NOTICE: exiting, bye-bye!
[11-May-2023 07:17:57] NOTICE: fpm is running, pid 69618
[11-May-2023 07:17:57] NOTICE: ready to handle connections
[11-May-2023 11:47:06] NOTICE: Terminating ...
[11-May-2023 11:47:06] NOTICE: Terminating ...
[11-May-2023 11:47:06] NOTICE: exiting, bye-bye!
[11-May-2023 12:47:53] NOTICE: fpm is running, pid 71339
[11-May-2023 12:47:53] NOTICE: ready to handle connections
[11-May-2023 12:49:29] NOTICE: Terminating ...
[11-May-2023 12:49:29] NOTICE: Terminating ...
[11-May-2023 12:49:29] NOTICE: exiting, bye-bye!
[11-May-2023 13:26:44] NOTICE: fpm is running, pid 71591
[11-May-2023 13:26:44] NOTICE: ready to handle connections
[11-May-2023 13:27:50] NOTICE: Terminating ...
[11-May-2023 13:27:50] NOTICE: Terminating ...
[11-May-2023 13:27:50] NOTICE: exiting, bye-bye!
[15-May-2023 08:08:17] NOTICE: fpm is running, pid 72187
[15-May-2023 08:08:17] NOTICE: ready to handle connections
[15-May-2023 11:37:49] NOTICE: Terminating ...
[15-May-2023 11:37:49] NOTICE: Terminating ...
[15-May-2023 11:37:49] NOTICE: exiting, bye-bye!
[16-May-2023 07:37:01] NOTICE: fpm is running, pid 76780
[16-May-2023 07:37:01] NOTICE: ready to handle connections
[16-May-2023 11:41:40] NOTICE: Terminating ...
[16-May-2023 11:41:40] NOTICE: Terminating ...
[16-May-2023 11:41:40] NOTICE: exiting, bye-bye!
[17-May-2023 08:07:14] NOTICE: fpm is running, pid 79520
[17-May-2023 08:07:14] NOTICE: ready to handle connections
[17-May-2023 11:36:10] NOTICE: Terminating ...
[17-May-2023 11:36:10] NOTICE: Terminating ...
[17-May-2023 11:36:10] NOTICE: exiting, bye-bye!
[18-May-2023 07:41:19] NOTICE: fpm is running, pid 83984
[18-May-2023 07:41:19] NOTICE: ready to handle connections
[21-May-2023 08:37:30] NOTICE: Terminating ...
[21-May-2023 08:37:30] NOTICE: Terminating ...
[21-May-2023 08:37:30] NOTICE: exiting, bye-bye!
[22-May-2023 08:11:43] NOTICE: fpm is running, pid 88607
[22-May-2023 08:11:43] NOTICE: ready to handle connections
[22-May-2023 11:46:36] NOTICE: Terminating ...
[22-May-2023 11:46:36] NOTICE: Terminating ...
[22-May-2023 11:46:36] NOTICE: exiting, bye-bye!
[23-May-2023 07:49:24] NOTICE: fpm is running, pid 10475
[23-May-2023 07:49:24] NOTICE: ready to handle connections
[23-May-2023 08:00:42] NOTICE: Terminating ...
[23-May-2023 08:00:42] NOTICE: Terminating ...
[23-May-2023 08:00:42] NOTICE: exiting, bye-bye!
[23-May-2023 08:01:22] NOTICE: fpm is running, pid 11185
[23-May-2023 08:01:22] NOTICE: ready to handle connections
[23-May-2023 11:53:24] NOTICE: Terminating ...
[23-May-2023 11:53:24] NOTICE: Terminating ...
[23-May-2023 11:53:24] NOTICE: exiting, bye-bye!
[24-May-2023 07:55:49] NOTICE: fpm is running, pid 14391
[24-May-2023 07:55:49] NOTICE: ready to handle connections
[24-May-2023 11:32:09] NOTICE: Terminating ...
[24-May-2023 11:32:09] NOTICE: Terminating ...
[24-May-2023 11:32:09] NOTICE: exiting, bye-bye!
[25-May-2023 07:20:35] NOTICE: fpm is running, pid 19092
[25-May-2023 07:20:35] NOTICE: ready to handle connections
[25-May-2023 11:44:46] NOTICE: Terminating ...
[25-May-2023 11:44:46] NOTICE: Terminating ...
[25-May-2023 11:44:46] NOTICE: exiting, bye-bye!
[27-May-2023 12:47:19] NOTICE: fpm is running, pid 23172
[27-May-2023 12:47:19] NOTICE: ready to handle connections
[27-May-2023 12:52:16] NOTICE: Terminating ...
[27-May-2023 12:52:16] NOTICE: Terminating ...
[27-May-2023 12:52:16] NOTICE: exiting, bye-bye!
[29-May-2023 09:02:59] NOTICE: fpm is running, pid 28859
[29-May-2023 09:02:59] NOTICE: ready to handle connections
[29-May-2023 09:03:43] NOTICE: Terminating ...
[29-May-2023 09:03:43] NOTICE: Terminating ...
[29-May-2023 09:03:43] NOTICE: exiting, bye-bye!
[29-May-2023 09:03:59] NOTICE: fpm is running, pid 28905
[29-May-2023 09:03:59] NOTICE: ready to handle connections
[29-May-2023 09:06:21] NOTICE: Terminating ...
[29-May-2023 09:06:21] NOTICE: Terminating ...
[29-May-2023 09:06:21] NOTICE: exiting, bye-bye!
[29-May-2023 09:06:38] NOTICE: fpm is running, pid 29078
[29-May-2023 09:06:38] NOTICE: ready to handle connections
[29-May-2023 11:46:39] NOTICE: Terminating ...
[29-May-2023 11:46:39] NOTICE: Terminating ...
[29-May-2023 11:46:39] NOTICE: exiting, bye-bye!
[30-May-2023 09:47:21] NOTICE: fpm is running, pid 33407
[30-May-2023 09:47:21] NOTICE: ready to handle connections
[30-May-2023 11:33:48] NOTICE: Terminating ...
[30-May-2023 11:33:48] NOTICE: Terminating ...
[30-May-2023 11:33:48] NOTICE: exiting, bye-bye!
[31-May-2023 09:06:33] NOTICE: fpm is running, pid 41743
[31-May-2023 09:06:33] NOTICE: ready to handle connections
[31-May-2023 11:54:04] NOTICE: Terminating ...
[31-May-2023 11:54:04] NOTICE: Terminating ...
[31-May-2023 11:54:04] NOTICE: Terminating ...
[31-May-2023 11:54:04] NOTICE: Terminating ...
[31-May-2023 11:54:04] NOTICE: exiting, bye-bye!
[01-Jun-2023 09:47:35] NOTICE: fpm is running, pid 44698
[01-Jun-2023 09:47:35] NOTICE: ready to handle connections
[01-Jun-2023 11:46:38] NOTICE: Terminating ...
[01-Jun-2023 11:46:38] NOTICE: Terminating ...
[01-Jun-2023 11:46:38] NOTICE: exiting, bye-bye!
[05-Jun-2023 10:56:36] NOTICE: fpm is running, pid 51165
[05-Jun-2023 10:56:36] NOTICE: ready to handle connections
[05-Jun-2023 14:50:46] NOTICE: Terminating ...
[05-Jun-2023 14:50:46] NOTICE: Terminating ...
[05-Jun-2023 14:50:46] NOTICE: exiting, bye-bye!
